
  .   ____          _            __ _ _
 /\\ / ___'_ __ _ _(_)_ __  __ _ \ \ \ \
( ( )\___ | '_ | '_| | '_ \/ _` | \ \ \ \
 \\/  ___)| |_)| | | | | || (_| |  ) ) ) )
  '  |____| .__|_| |_|_| |_\__, | / / / /
 =========|_|==============|___/=/_/_/_/

 :: Spring Boot ::                (v3.3.5)

2026-05-07T23:47:44.031+01:00  INFO 1880 --- [hospital-fridge-backend] [           main] c.e.h.HospitalMonitoringApplication      : Starting HospitalMonitoringApplication v0.0.1-SNAPSHOT using Java 17.0.12 with PID 1880 (D:\Projet react\dashboard_hopital\backend\target\hospital-fridge-backend-0.0.1-SNAPSHOT.jar started by oussama in D:\Projet react\dashboard_hopital\backend)
2026-05-07T23:47:44.037+01:00  INFO 1880 --- [hospital-fridge-backend] [           main] c.e.h.HospitalMonitoringApplication      : No active profile set, falling back to 1 default profile: "default"
2026-05-07T23:47:45.579+01:00  INFO 1880 --- [hospital-fridge-backend] [           main] .s.d.r.c.RepositoryConfigurationDelegate : Bootstrapping Spring Data JPA repositories in DEFAULT mode.
2026-05-07T23:47:45.763+01:00  INFO 1880 --- [hospital-fridge-backend] [           main] .s.d.r.c.RepositoryConfigurationDelegate : Finished Spring Data repository scanning in 163 ms. Found 4 JPA repository interfaces.
2026-05-07T23:47:46.783+01:00  INFO 1880 --- [hospital-fridge-backend] [           main] o.s.b.w.embedded.tomcat.TomcatWebServer  : Tomcat initialized with port 8080 (http)
2026-05-07T23:47:46.803+01:00  INFO 1880 --- [hospital-fridge-backend] [           main] o.apache.catalina.core.StandardService   : Starting service [Tomcat]
2026-05-07T23:47:46.804+01:00  INFO 1880 --- [hospital-fridge-backend] [           main] o.apache.catalina.core.StandardEngine    : Starting Servlet engine: [Apache Tomcat/10.1.31]
2026-05-07T23:47:46.885+01:00  INFO 1880 --- [hospital-fridge-backend] [           main] o.a.c.c.C.[Tomcat].[localhost].[/]       : Initializing Spring embedded WebApplicationContext
2026-05-07T23:47:46.890+01:00  INFO 1880 --- [hospital-fridge-backend] [           main] w.s.c.ServletWebServerApplicationContext : Root WebApplicationContext: initialization completed in 2746 ms
2026-05-07T23:47:46.948+01:00  INFO 1880 --- [hospital-fridge-backend] [           main] com.zaxxer.hikari.HikariDataSource       : HikariPool-1 - Starting...
2026-05-07T23:47:47.395+01:00  INFO 1880 --- [hospital-fridge-backend] [           main] com.zaxxer.hikari.pool.HikariPool        : HikariPool-1 - Added connection conn0: url=jdbc:h2:file:./data/hospital-fridge-db user=SA
2026-05-07T23:47:47.398+01:00  INFO 1880 --- [hospital-fridge-backend] [           main] com.zaxxer.hikari.HikariDataSource       : HikariPool-1 - Start completed.
2026-05-07T23:47:47.419+01:00  INFO 1880 --- [hospital-fridge-backend] [           main] o.s.b.a.h2.H2ConsoleAutoConfiguration    : H2 console available at '/h2-console'. Database available at 'jdbc:h2:file:./data/hospital-fridge-db'
2026-05-07T23:47:47.635+01:00  INFO 1880 --- [hospital-fridge-backend] [           main] o.hibernate.jpa.internal.util.LogHelper  : HHH000204: Processing PersistenceUnitInfo [name: default]
2026-05-07T23:47:47.784+01:00  INFO 1880 --- [hospital-fridge-backend] [           main] org.hibernate.Version                    : HHH000412: Hibernate ORM core version 6.5.3.Final
2026-05-07T23:47:47.852+01:00  INFO 1880 --- [hospital-fridge-backend] [           main] o.h.c.internal.RegionFactoryInitiator    : HHH000026: Second-level cache disabled
2026-05-07T23:47:48.428+01:00  INFO 1880 --- [hospital-fridge-backend] [           main] o.s.o.j.p.SpringPersistenceUnitInfo      : No LoadTimeWeaver setup: ignoring JPA class transformer
2026-05-07T23:47:49.620+01:00  INFO 1880 --- [hospital-fridge-backend] [           main] o.h.e.t.j.p.i.JtaPlatformInitiator       : HHH000489: No JTA platform available (set 'hibernate.transaction.jta.platform' to enable JTA platform integration)
2026-05-07T23:47:49.690+01:00  INFO 1880 --- [hospital-fridge-backend] [           main] j.LocalContainerEntityManagerFactoryBean : Initialized JPA EntityManagerFactory for persistence unit 'default'
2026-05-07T23:47:52.576+01:00  INFO 1880 --- [hospital-fridge-backend] [d-1778194070733] c.emsi.hospital.service.MqttSubscriber   : MQTT subscription active on hospital/fridges/+/telemetry
2026-05-07T23:47:52.654+01:00  INFO 1880 --- [hospital-fridge-backend] [           main] c.emsi.hospital.service.MqttSubscriber   : MQTT connected to ssl://1f72ed63caf84bcb8452911f2e045246.s1.eu.hivemq.cloud:8883 and subscribed to hospital/fridges/+/telemetry
2026-05-07T23:47:53.364+01:00  INFO 1880 --- [hospital-fridge-backend] [           main] o.s.b.w.embedded.tomcat.TomcatWebServer  : Tomcat started on port 8080 (http) with context path '/'
2026-05-07T23:47:53.368+01:00  INFO 1880 --- [hospital-fridge-backend] [           main] o.s.m.s.b.SimpleBrokerMessageHandler     : Starting...
2026-05-07T23:47:53.370+01:00  INFO 1880 --- [hospital-fridge-backend] [           main] o.s.m.s.b.SimpleBrokerMessageHandler     : BrokerAvailabilityEvent[available=true, SimpleBrokerMessageHandler [org.springframework.messaging.simp.broker.DefaultSubscriptionRegistry@29612ee2]]
2026-05-07T23:47:53.370+01:00  INFO 1880 --- [hospital-fridge-backend] [           main] o.s.m.s.b.SimpleBrokerMessageHandler     : Started.
2026-05-07T23:47:53.392+01:00  INFO 1880 --- [hospital-fridge-backend] [           main] c.e.h.HospitalMonitoringApplication      : Started HospitalMonitoringApplication in 10.601 seconds (process running for 11.478)
2026-05-07T23:48:11.318+01:00  INFO 1880 --- [hospital-fridge-backend] [nio-8080-exec-1] o.a.c.c.C.[Tomcat].[localhost].[/]       : Initializing Spring DispatcherServlet 'dispatcherServlet'
2026-05-07T23:48:11.321+01:00  INFO 1880 --- [hospital-fridge-backend] [nio-8080-exec-1] o.s.web.servlet.DispatcherServlet        : Initializing Servlet 'dispatcherServlet'
2026-05-07T23:48:11.323+01:00  INFO 1880 --- [hospital-fridge-backend] [nio-8080-exec-1] o.s.web.servlet.DispatcherServlet        : Completed initialization in 2 ms
2026-05-07T23:48:53.339+01:00  INFO 1880 --- [hospital-fridge-backend] [MessageBroker-1] o.s.w.s.c.WebSocketMessageBrokerStats    : WebSocketSession[0 current WS(0)-HttpStream(0)-HttpPoll(0), 0 total, 0 closed abnormally (0 connect failure, 0 send limit, 0 transport error)], stompSubProtocol[processed CONNECT(0)-CONNECTED(0)-DISCONNECT(0)], stompBrokerRelay[null], inboundChannel[pool size = 0, active threads = 0, queued tasks = 0, completed tasks = 0], outboundChannel[pool size = 0, active threads = 0, queued tasks = 0, completed tasks = 0], sockJsScheduler[pool size = 1, active threads = 1, queued tasks = 0, completed tasks = 0]
